<?xml version="1.0" encoding="UTF-8"?>
<!-- Generated by org.testng.reporters.JUnitReportReporter -->
<testsuite skipped="0" hostname="Kriti-PC" name="com.komoot.testcases.KomootAppTestCases" tests="1" failures="0" timestamp="09 Nov 2020 16:01:10 GMT" time="5.980" errors="0">
  <testcase name="DiscoveryTours_Test" time="5.980" classname="com.komoot.testcases.KomootAppTestCases"/>
</testsuite> <!-- com.komoot.testcases.KomootAppTestCases -->
