<?xml version="1.0" encoding="UTF-8"?>
<!-- Generated by org.testng.reporters.JUnitReportReporter -->
<testsuite skipped="0" hostname="Kriti-PC" name="com.komoot.testcases.LoginTestKomoot" tests="1" failures="0" timestamp="08 Nov 2020 22:51:39 GMT" time="5.257" errors="0">
  <testcase name="LoginApp" time="5.257" classname="com.komoot.testcases.LoginTestKomoot"/>
</testsuite> <!-- com.komoot.testcases.LoginTestKomoot -->
