<?xml version="1.0" encoding="UTF-8"?>
<!-- Generated by org.testng.reporters.JUnitReportReporter -->
<testsuite skipped="0" hostname="Kriti-PC" name="com.komoot.pages.Testingpurpose" tests="1" failures="0" timestamp="08 Nov 2020 21:27:25 GMT" time="19.297" errors="0">
  <testcase name="TestApp" time="19.297" classname="com.komoot.pages.Testingpurpose"/>
</testsuite> <!-- com.komoot.pages.Testingpurpose -->
